<?xml version="1.0" encoding="UTF-8"?>
<testng-results ignored="0" total="1" passed="1" failed="0" skipped="0">
  <reporter-output>
  </reporter-output>
  <suite started-at="2024-12-02T16:59:00 IST" name="Default suite" finished-at="2024-12-02T16:59:02 IST" duration-ms="1724">
    <groups>
    </groups>
    <test started-at="2024-12-02T16:59:00 IST" name="Default test" finished-at="2024-12-02T16:59:02 IST" duration-ms="1724">
      <class name="DemoParsing.jsonParsing">
        <test-method signature="testBookTitleJson()[pri:2, instance:DemoParsing.jsonParsing@38102d01]" started-at="2024-12-02T16:59:00 IST" name="testBookTitleJson" finished-at="2024-12-02T16:59:02 IST" duration-ms="1688" status="PASS">
          <reporter-output>
          </reporter-output>
        </test-method> <!-- testBookTitleJson -->
      </class> <!-- DemoParsing.jsonParsing -->
    </test> <!-- Default test -->
  </suite> <!-- Default suite -->
</testng-results>
